<?xml version="1.0" encoding="UTF-8"?>
<!-- Generated by org.testng.reporters.JUnitXMLReporter -->
<testsuite ignored="0" hostname="DESKTOP-1VCMKRE" failures="0" tests="3" name="LOGIN (Combinations) TEST For firefox" time="112.133" errors="0" timestamp="2023-05-18T13:06:09 NPT">
  <testcase classname="Tests.AllTest" name="testToAddAdminUser" time="15.778"/>
  <testcase classname="Tests.AllTest" name="testToAddPimUser" time="26.271"/>
  <testcase classname="Tests.AllTest" name="testToAssertTheRequiredField" time="14.103"/>
</testsuite> <!-- LOGIN (Combinations) TEST For firefox -->
